<?xml version="1.0" encoding="UTF-8"?>
<testsuite name="Crowbar Mobile Tests" tests="25" failures="1" errors="0" skipped="2" time="45.23">
  <testcase classname="LoginScreen" name="should display login form" time="2.1"/>
  <testcase classname="LoginScreen" name="should validate credentials" time="3.2"/>
  <testcase classname="ProfileScreen" name="should show user data" time="1.8"/>
  <testcase classname="ShopScreen" name="should load products" time="4.5"/>
  <testcase classname="CartScreen" name="should add items" time="2.7">
    <failure message="Element not found">Cart button not clickable</failure>
  </testcase>
  <testcase classname="CheckoutScreen" name="should process payment" time="5.1">
    <skipped/>
  </testcase>
</testsuite>